0 info it worked if it ends with ok
1 verbose cli [ 'node', '/usr/local/bin/npm', 'install', '–g', 'node-inspector' ]
2 info using npm@2.10.1
3 info using node@v0.12.4
4 verbose node symlink /usr/local/bin/node
5 verbose install initial load of /Users/developer06/GitHub/good/package.json
6 warn package.json pencilblue@0.4.1 No license field.
7 verbose installManyTop reading scoped package data from /Users/developer06/GitHub/good/node_modules/async/package.json
8 verbose installManyTop reading scoped package data from /Users/developer06/GitHub/good/node_modules/async-eventemitter/package.json
9 verbose installManyTop reading scoped package data from /Users/developer06/GitHub/good/node_modules/cookies/package.json
10 verbose installManyTop reading scoped package data from /Users/developer06/GitHub/good/node_modules/coveralls/package.json
11 verbose installManyTop reading scoped package data from /Users/developer06/GitHub/good/node_modules/fakeredis/package.json
12 verbose installManyTop reading scoped package data from /Users/developer06/GitHub/good/node_modules/formidable/package.json
13 verbose installManyTop reading scoped package data from /Users/developer06/GitHub/good/node_modules/htmlencode/package.json
14 verbose installManyTop reading scoped package data from /Users/developer06/GitHub/good/node_modules/istanbul/package.json
15 verbose installManyTop reading scoped package data from /Users/developer06/GitHub/good/node_modules/locale/package.json
16 verbose installManyTop reading scoped package data from /Users/developer06/GitHub/good/node_modules/mocha/package.json
17 verbose installManyTop reading scoped package data from /Users/developer06/GitHub/good/node_modules/mocha-lcov-reporter/package.json
18 verbose installManyTop reading scoped package data from /Users/developer06/GitHub/good/node_modules/mongodb/package.json
19 verbose installManyTop reading scoped package data from /Users/developer06/GitHub/good/node_modules/node-uuid/package.json
20 verbose installManyTop reading scoped package data from /Users/developer06/GitHub/good/node_modules/node.extend/package.json
21 verbose installManyTop reading scoped package data from /Users/developer06/GitHub/good/node_modules/nodemailer/package.json
22 verbose installManyTop reading scoped package data from /Users/developer06/GitHub/good/node_modules/npm/package.json
23 verbose installManyTop reading scoped package data from /Users/developer06/GitHub/good/node_modules/process/package.json
24 verbose installManyTop reading scoped package data from /Users/developer06/GitHub/good/node_modules/redis/package.json
25 verbose installManyTop reading scoped package data from /Users/developer06/GitHub/good/node_modules/sanitize-html/package.json
26 verbose installManyTop reading scoped package data from /Users/developer06/GitHub/good/node_modules/semver/package.json
27 verbose installManyTop reading scoped package data from /Users/developer06/GitHub/good/node_modules/should/package.json
28 verbose installManyTop reading scoped package data from /Users/developer06/GitHub/good/node_modules/winston/package.json
29 info package.json coveralls@2.11.2 license should be a valid SPDX license expression
30 info package.json async@0.9.0 No license field.
31 info package.json async-eventemitter@0.2.2 No repository field.
32 info package.json formidable@1.0.17 No license field.
33 info package.json fakeredis@0.3.0 No license field.
34 info package.json locale@0.0.20 No license field.
35 info package.json mocha@2.1.0 No license field.
36 info package.json mocha-lcov-reporter@0.0.1 No license field.
37 info package.json mongodb@2.0.33 license should be a valid SPDX license expression
38 info package.json node.extend@1.1.3 No license field.
39 info package.json node-uuid@1.4.3 No license field.
40 info package.json nodemailer@0.5.3 No license field.
41 info package.json process@0.10.1 No license field.
42 info package.json redis@0.12.1 No license field.
43 info package.json semver@4.3.3 license should be a valid SPDX license expression
44 info package.json winston@0.9.0 No license field.
45 verbose readDependencies loading dependencies from /Users/developer06/GitHub/good/package.json
46 silly cache add args [ '–g', null ]
47 verbose cache add spec –g
48 silly cache add args [ 'node-inspector', null ]
49 verbose cache add spec node-inspector
50 silly cache add parsed spec { raw: '–g',
50 silly cache add   scope: null,
50 silly cache add   name: null,
50 silly cache add   rawSpec: '–g',
50 silly cache add   spec: '/Users/developer06/GitHub/good/–g',
50 silly cache add   type: 'local' }
51 silly cache add parsed spec { raw: 'node-inspector',
51 silly cache add   scope: null,
51 silly cache add   name: 'node-inspector',
51 silly cache add   rawSpec: '',
51 silly cache add   spec: '*',
51 silly cache add   type: 'range' }
52 silly addNamed node-inspector@*
53 verbose addNamed "*" is a valid semver range for node-inspector
54 silly addNameRange { name: 'node-inspector', range: '*', hasData: false }
55 silly mapToRegistry name node-inspector
56 silly mapToRegistry using default registry
57 silly mapToRegistry registry https://registry.npm.taobao.org/
58 silly mapToRegistry uri https://registry.npm.taobao.org/node-inspector
59 verbose addNameRange registry:https://registry.npm.taobao.org/node-inspector not in flight; fetching
60 error addLocal Could not install /Users/developer06/GitHub/good/–g
61 verbose request uri https://registry.npm.taobao.org/node-inspector
62 verbose request no auth needed
63 info attempt registry request try #1 at 21:06:03
64 verbose request id 3de932826f1b0978
65 http request GET https://registry.npm.taobao.org/node-inspector
66 http 200 https://registry.npm.taobao.org/node-inspector
67 silly get cb [ 200,
67 silly get   { date: 'Mon, 28 Dec 2015 13:06:04 GMT',
67 silly get     'content-type': 'application/json; charset=utf-8',
67 silly get     'content-length': '151424',
67 silly get     connection: 'keep-alive',
67 silly get     etag: '"24f80-2nmPDv5YlXM9Xe0Q+P5QZw"',
67 silly get     'x-readtime': '255' } ]
68 verbose get saving node-inspector to /Users/developer06/.npm/registry.npm.taobao.org/node-inspector/.cache.json
69 silly addNameRange number 2 { name: 'node-inspector', range: '*', hasData: true }
70 silly addNameRange versions [ 'node-inspector',
70 silly addNameRange   [ '0.12.5',
70 silly addNameRange     '0.12.4',
70 silly addNameRange     '0.12.3',
70 silly addNameRange     '0.12.2',
70 silly addNameRange     '0.12.1',
70 silly addNameRange     '0.12.0',
70 silly addNameRange     '0.11.2',
70 silly addNameRange     '0.11.1',
70 silly addNameRange     '0.11.0',
70 silly addNameRange     '0.10.2',
70 silly addNameRange     '0.10.1',
70 silly addNameRange     '0.10.0',
70 silly addNameRange     '0.9.2',
70 silly addNameRange     '0.9.1',
70 silly addNameRange     '0.9.0',
70 silly addNameRange     '0.8.3',
70 silly addNameRange     '0.8.1',
70 silly addNameRange     '0.8.0',
70 silly addNameRange     '0.7.4',
70 silly addNameRange     '0.7.3',
70 silly addNameRange     '0.2.0-beta1',
70 silly addNameRange     '0.2.0-beta2',
70 silly addNameRange     '0.2.0-beta3',
70 silly addNameRange     '0.2.0-beta4',
70 silly addNameRange     '0.7.0-2',
70 silly addNameRange     '0.3.1',
70 silly addNameRange     '0.1.9',
70 silly addNameRange     '0.1.1',
70 silly addNameRange     '0.0.3',
70 silly addNameRange     '0.7.2',
70 silly addNameRange     '0.7.1',
70 silly addNameRange     '0.7.0',
70 silly addNameRange     '0.3.0-preview1',
70 silly addNameRange     '0.7.0-1',
70 silly addNameRange     '0.6.2',
70 silly addNameRange     '0.6.1',
70 silly addNameRange     '0.6.0',
70 silly addNameRange     '0.5.0',
70 silly addNameRange     '0.4.0',
70 silly addNameRange     '0.3.4',
70 silly addNameRange     '0.3.3',
70 silly addNameRange     '0.3.2',
70 silly addNameRange     '0.3.0',
70 silly addNameRange     '0.1.10',
70 silly addNameRange     '0.1.8',
70 silly addNameRange     '0.1.0',
70 silly addNameRange     '0.0.1',
70 silly addNameRange     '0.0.2',
70 silly addNameRange     '0.1.7',
70 silly addNameRange     '0.1.5',
70 silly addNameRange     '0.1.4',
70 silly addNameRange     '0.1.3',
70 silly addNameRange     '0.1.2',
70 silly addNameRange     '0.1.6',
70 silly addNameRange     '0.0.4' ] ]
71 silly addNamed node-inspector@0.12.5
72 verbose addNamed "0.12.5" is a plain semver version for node-inspector
73 silly mapToRegistry name node-inspector
74 silly mapToRegistry using default registry
75 silly mapToRegistry registry https://registry.npm.taobao.org/
76 silly mapToRegistry uri https://registry.npm.taobao.org/node-inspector
77 verbose addRemoteTarball https://registry.npm.taobao.org/node-inspector/download/node-inspector-0.12.5.tgz not in flight; adding
78 verbose addRemoteTarball [ 'https://registry.npm.taobao.org/node-inspector/download/node-inspector-0.12.5.tgz',
78 verbose addRemoteTarball   '0ddf21a6ad7d4f43d66be2a2e7a1e15e936cea0b' ]
79 info retry fetch attempt 1 at 21:06:04
80 info attempt registry request try #1 at 21:06:04
81 http fetch GET https://registry.npm.taobao.org/node-inspector/download/node-inspector-0.12.5.tgz
82 http fetch 200 https://registry.npm.taobao.org/node-inspector/download/node-inspector-0.12.5.tgz
83 silly fetchAndShaCheck shasum 0ddf21a6ad7d4f43d66be2a2e7a1e15e936cea0b
84 verbose addTmpTarball /var/folders/7l/14hxbzj53414p9ny1_lzd0740000gn/T/npm-38586-d8bc1e0f/registry.npm.taobao.org/node-inspector/download/node-inspector-0.12.5.tgz not in flight; adding
85 verbose addTmpTarball already have metadata; skipping unpack for node-inspector@0.12.5
86 silly cache afterAdd node-inspector@0.12.5
87 verbose afterAdd /Users/developer06/.npm/node-inspector/0.12.5/package/package.json not in flight; writing
88 verbose afterAdd /Users/developer06/.npm/node-inspector/0.12.5/package/package.json written
89 verbose stack Error: ENOENT, open '/Users/developer06/GitHub/good/–g'
89 verbose stack     at Error (native)
90 verbose cwd /Users/developer06/GitHub/good
91 error Darwin 15.0.0
92 error argv "node" "/usr/local/bin/npm" "install" "–g" "node-inspector"
93 error node v0.12.4
94 error npm  v2.10.1
95 error path /Users/developer06/GitHub/good/–g
96 error code ENOENT
97 error errno -2
98 error enoent ENOENT, open '/Users/developer06/GitHub/good/–g'
98 error enoent This is most likely not a problem with npm itself
98 error enoent and is related to npm not being able to find a file.
99 verbose exit [ -2, true ]
